<?xml version="1.0" encoding="UTF-8"?>
<!-- Generated by org.testng.reporters.JUnitXMLReporter -->
<testsuite ignored="4" hostname="HP" failures="0" tests="2" name="Test(failed)(failed)" time="0.038" errors="0" timestamp="2023-04-30T08:23:59 IST">
  <testcase classname="com.actitime1.assertion.Assertion2" name="createUpendra" time="0.009"/>
  <testcase classname="com.actitime1.assertion.Assertion" name="deleteCustomer" time="0.001"/>
  <testcase classname="com.actitime1.assertion.Assertion" name="modifyCustomer" time="0.0">
    <ignored/>
  </testcase> <!-- modifyCustomer -->
  <testcase classname="com.actitime1.assertion.Assertion" name="createCustomer" time="0.0">
    <ignored/>
  </testcase> <!-- createCustomer -->
  <testcase classname="com.actitime1.assertion.Assertion2" name="modifyKeerthana" time="0.0">
    <ignored/>
  </testcase> <!-- modifyKeerthana -->
  <testcase classname="com.actitime1.assertion.Assertion2" name="deleteBharathi" time="0.0">
    <ignored/>
  </testcase> <!-- deleteBharathi -->
</testsuite> <!-- Test(failed)(failed) -->
